<?xml version="1.0" encoding="UTF-8" standalone="no"?>
<!DOCTYPE log SYSTEM "logger.dtd">
<log>
<record>
  <date>2018-11-16T15:32:08</date>
  <millis>1542362528225</millis>
  <sequence>0</sequence>
  <level>START</level>
  <class>com.kms.katalon.core.logging.KeywordLogger</class>
  <method>startSuite</method>
  <thread>1</thread>
  <message>Start Test Suite : Test Suites/Regression</message>
  <nestedLevel>0</nestedLevel>
  <property name="name">Regression</property>
  <property name="description"></property>
  <property name="id">Test Suites/Regression</property>
</record>
<record>
  <date>2018-11-16T15:32:08</date>
  <millis>1542362528283</millis>
  <sequence>1</sequence>
  <level>RUN_DATA</level>
  <class>com.kms.katalon.core.logging.KeywordLogger</class>
  <method>logMessage</method>
  <thread>1</thread>
  <message>Logging run data &amp;apos;hostName&amp;apos; with value &amp;apos;azharuddin.syed - ACD-057.amla.io&amp;apos;</message>
  <nestedLevel>0</nestedLevel>
  <property name="hostName">azharuddin.syed - ACD-057.amla.io</property>
</record>
<record>
  <date>2018-11-16T15:32:08</date>
  <millis>1542362528285</millis>
  <sequence>2</sequence>
  <level>RUN_DATA</level>
  <class>com.kms.katalon.core.logging.KeywordLogger</class>
  <method>logMessage</method>
  <thread>1</thread>
  <message>Logging run data &amp;apos;os&amp;apos; with value &amp;apos;Windows 10 64bit&amp;apos;</message>
  <nestedLevel>0</nestedLevel>
  <property name="os">Windows 10 64bit</property>
</record>
<record>
  <date>2018-11-16T15:32:08</date>
  <millis>1542362528285</millis>
  <sequence>3</sequence>
  <level>RUN_DATA</level>
  <class>com.kms.katalon.core.logging.KeywordLogger</class>
  <method>logMessage</method>
  <thread>1</thread>
  <message>Logging run data &amp;apos;hostAddress&amp;apos; with value &amp;apos;10.0.13.80&amp;apos;</message>
  <nestedLevel>0</nestedLevel>
  <property name="hostAddress">10.0.13.80</property>
</record>
<record>
  <date>2018-11-16T15:32:08</date>
  <millis>1542362528286</millis>
  <sequence>4</sequence>
  <level>RUN_DATA</level>
  <class>com.kms.katalon.core.logging.KeywordLogger</class>
  <method>logMessage</method>
  <thread>1</thread>
  <message>Logging run data &amp;apos;katalonVersion&amp;apos; with value &amp;apos;5.8.6.1&amp;apos;</message>
  <nestedLevel>0</nestedLevel>
  <property name="katalonVersion">5.8.6.1</property>
</record>
<record>
  <date>2018-11-16T15:32:08</date>
  <millis>1542362528683</millis>
  <sequence>5</sequence>
  <level>START</level>
  <class>com.kms.katalon.core.logging.KeywordLogger</class>
  <method>startTest</method>
  <thread>1</thread>
  <message>Start Test Case : Test Cases/TC1_Open BrowserWith Web UrL</message>
  <nestedLevel>1</nestedLevel>
  <property name="name">Test Cases/TC1_Open BrowserWith Web UrL</property>
  <property name="description"></property>
  <property name="id">Test Cases/TC1_Open BrowserWith Web UrL</property>
  <property name="source">D:\\Practice\\JenkinsExample\\Test Cases\\TC1_Open BrowserWith Web UrL.tc</property>
  <property name="isOptional">false</property>
</record>
<record>
  <date>2018-11-16T15:32:08</date>
  <millis>1542362528708</millis>
  <sequence>6</sequence>
  <level>INFO</level>
  <class>com.kms.katalon.core.logging.KeywordLogger</class>
  <method>logMessage</method>
  <thread>1</thread>
  <message>Evaluating variables for test case</message>
  <nestedLevel>1</nestedLevel>
</record>
<record>
  <date>2018-11-16T15:32:09</date>
  <millis>1542362529271</millis>
  <sequence>7</sequence>
  <level>START</level>
  <class>com.kms.katalon.core.logging.KeywordLogger</class>
  <method>startKeyword</method>
  <thread>1</thread>
  <message>Start action : openBrowser</message>
  <nestedLevel>1</nestedLevel>
  <property name="startLine">16</property>
  <property name="stepIndex">1</property>
</record>
<record>
  <date>2018-11-16T15:32:09</date>
  <millis>1542362529556</millis>
  <sequence>8</sequence>
  <level>INFO</level>
  <class>com.kms.katalon.core.logging.KeywordLogger</class>
  <method>logMessage</method>
  <thread>1</thread>
  <message>Opening browser</message>
  <nestedLevel>1</nestedLevel>
</record>
<record>
  <date>2018-11-16T15:32:09</date>
  <millis>1542362529563</millis>
  <sequence>9</sequence>
  <level>INFO</level>
  <class>com.kms.katalon.core.logging.KeywordLogger</class>
  <method>logMessage</method>
  <thread>1</thread>
  <message>Starting &amp;apos;Chrome&amp;apos; driver</message>
  <nestedLevel>1</nestedLevel>
</record>
<record>
  <date>2018-11-16T15:32:09</date>
  <millis>1542362529589</millis>
  <sequence>10</sequence>
  <level>INFO</level>
  <class>com.kms.katalon.core.logging.KeywordLogger</class>
  <method>logMessage</method>
  <thread>1</thread>
  <message>Action delay is set to 0 seconds</message>
  <nestedLevel>1</nestedLevel>
</record>
<record>
  <date>2018-11-16T15:32:13</date>
  <millis>1542362533394</millis>
  <sequence>12</sequence>
  <level>RUN_DATA</level>
  <class>com.kms.katalon.core.logging.KeywordLogger</class>
  <method>logMessage</method>
  <thread>1</thread>
  <message>Logging run data &amp;apos;sessionId&amp;apos; with value &amp;apos;be35e2a4f5d34cc97e02f7e20bbc2fbb&amp;apos;</message>
  <nestedLevel>1</nestedLevel>
  <property name="sessionId">be35e2a4f5d34cc97e02f7e20bbc2fbb</property>
</record>
